2025-08-07 16:49:57,203 [INFO] Lendo arquivo 'analise_vendas.csv' do bucket 'datalake' no MinIO...
2025-08-07 16:49:57,859 [INFO] Arquivo lido com sucesso, 4 linhas carregadas.
2025-08-07 16:51:15,784 [INFO] Lendo arquivo 'analise_vendas.csv' do bucket 'datalake' no MinIO...
2025-08-07 16:51:16,212 [INFO] Arquivo lido com sucesso, 4 linhas carregadas.
2025-08-07 17:08:13,954 [INFO] Lendo arquivo 'analise_vendas.csv' do bucket 'datalake' no Minio...
2025-08-07 17:08:14,404 [INFO] Arquivo lido com sucesso, 4 linhas carregadas.
2025-08-07 17:16:11,431 [INFO] Lendo arquivo 'analise_vendas.csv' do bucket 'datalake' no Minio...
2025-08-07 17:16:11,848 [INFO] Arquivo lido com sucesso, 4 linhas carregadas.
2025-08-07 17:18:21,354 [INFO] Lendo arquivo 'Comfaulda/Combined Faults/Unbalance_Horizontal_misalignment/Unbalance_30_g+Hor. Misalignment_0.5_mm/12.97.csv' do bucket 'datalake' no Minio...
2025-08-07 17:18:22,104 [INFO] Arquivo lido com sucesso, 249999 linhas carregadas.
2025-08-07 17:21:27,347 [INFO] Lendo arquivo 'Comfaulda/Combined Faults/Unbalance_Horizontal_misalignment/Unbalance_30_g+Hor. Misalignment_0.5_mm/12.97.csv' do bucket 'datalake' no Minio...
2025-08-07 17:21:28,075 [INFO] Arquivo lido com sucesso, 249999 linhas carregadas.
2025-08-07 17:27:22,334 [INFO] Lendo arquivo 'Comfaulda/Combined Faults/Unbalance_Horizontal_misalignment/Unbalance_30_g+Hor. Misalignment_0.5_mm/12.97.csv' do bucket 'datalake' no Minio...
2025-08-07 17:27:23,023 [INFO] Arquivo lido com sucesso, 249999 linhas carregadas.
2025-08-07 17:27:24,000 [INFO] Histogramas salvos em 'histograma_datalake.png'.
2025-08-07 17:30:37,514 [INFO] Lendo arquivo 'Comfaulda/Combined Faults/Unbalance_Horizontal_misalignment/Unbalance_30_g+Hor. Misalignment_0.5_mm/12.97.csv' do bucket 'datalake' no Minio...
2025-08-07 17:30:38,251 [INFO] Arquivo lido com sucesso, 249999 linhas carregadas.
2025-08-07 17:30:39,086 [INFO] Histogramas salvos em 'histograma_datalake.png'.
2025-08-07 17:37:42,524 [INFO] Lendo arquivo 'Comfaulda/Combined Faults/Unbalance_Horizontal_misalignment/Unbalance_30_g+Hor. Misalignment_0.5_mm/12.97.csv' do bucket 'datalake' no Minio...
2025-08-07 17:37:43,239 [INFO] Arquivo lido com sucesso, 249999 linhas carregadas.
2025-08-07 17:37:44,086 [INFO] Histogramas salvos em 'histograma_datalake.png'.
2025-08-07 17:38:32,034 [INFO] Lendo arquivo 'Comfaulda/Combined Faults/Unbalance_Horizontal_misalignment/Unbalance_30_g+Hor. Misalignment_0.5_mm/12.97.csv' do bucket 'datalake' no Minio...
2025-08-07 17:38:32,724 [INFO] Arquivo lido com sucesso, 249999 linhas carregadas.
2025-08-07 17:38:33,461 [INFO] Histogramas salvos em 'histograma_datalake.png'.
