2025-07-03 16:04:25,909 - minio_datalake_app - INFO - Iniciando script de upload de diretório.
2025-07-03 16:04:25,909 - minio_datalake_app - INFO - Tentando fazer upload do diretório 'data/Comfaulda' para o bucket 'datalake' com prefixo 'Comfaulda'.
2025-07-03 16:04:25,910 - minio_datalake_app - INFO - MinioClient inicializado com endpoint: 127.0.0.1:9000
2025-07-03 16:04:25,926 - minio_datalake_app - INFO - Iniciando upload de 'data/Comfaulda/.DS_Store' para 'datalake/Comfaulda/.DS_Store'
2025-07-03 16:04:25,935 - minio_datalake_app - INFO - Upload de 'data/Comfaulda/.DS_Store' como 'Comfaulda/.DS_Store' realizado com sucesso.
2025-07-03 16:04:25,935 - minio_datalake_app - INFO - Iniciando upload de 'data/Comfaulda/Normal_Condition/.DS_Store' para 'datalake/Comfaulda/Normal_Condition/.DS_Store'
2025-07-03 16:04:25,940 - minio_datalake_app - INFO - Upload de 'data/Comfaulda/Normal_Condition/.DS_Store' como 'Comfaulda/Normal_Condition/.DS_Store' realizado com sucesso.
2025-07-03 16:04:25,941 - minio_datalake_app - INFO - Iniciando upload de 'data/Comfaulda/Normal_Condition/Normal_2/58.81.csv' para 'datalake/Comfaulda/Normal_Condition/Normal_2/58.81.csv'
2025-07-03 16:04:26,194 - minio_datalake_app - INFO - Upload de 'data/Comfaulda/Normal_Condition/Normal_2/58.81.csv' como 'Comfaulda/Normal_Condition/Normal_2/58.81.csv' realizado com sucesso.
2025-07-03 16:04:26,195 - minio_datalake_app - INFO - Iniciando upload de 'data/Comfaulda/Normal_Condition/Normal_2/56.80.csv' para 'datalake/Comfaulda/Normal_Condition/Normal_2/56.80.csv'
2025-07-03 16:04:26,397 - minio_datalake_app - INFO - Upload de 'data/Comfaulda/Normal_Condition/Normal_2/56.80.csv' como 'Comfaulda/Normal_Condition/Normal_2/56.80.csv' realizado com sucesso.
2025-07-03 16:04:26,398 - minio_datalake_app - INFO - Iniciando upload de 'data/Comfaulda/Normal_Condition/Normal_2/43.63.csv' para 'datalake/Comfaulda/Normal_Condition/Normal_2/43.63.csv'
2025-07-03 16:04:26,622 - minio_datalake_app - INFO - Upload de 'data/Comfaulda/Normal_Condition/Normal_2/43.63.csv' como 'Comfaulda/Normal_Condition/Normal_2/43.63.csv' realizado com sucesso.
2025-07-03 16:04:26,622 - minio_datalake_app - INFO - Iniciando upload de 'data/Comfaulda/Normal_Condition/Normal_2/60.80.csv' para 'datalake/Comfaulda/Normal_Condition/Normal_2/60.80.csv'
2025-07-03 16:04:26,868 - minio_datalake_app - INFO - Upload de 'data/Comfaulda/Normal_Condition/Normal_2/60.80.csv' como 'Comfaulda/Normal_Condition/Normal_2/60.80.csv' realizado com sucesso.
2025-07-03 16:04:26,868 - minio_datalake_app - INFO - Iniciando upload de 'data/Comfaulda/Normal_Condition/Normal_2/51.74.csv' para 'datalake/Comfaulda/Normal_Condition/Normal_2/51.74.csv'
2025-07-03 16:04:27,079 - minio_datalake_app - INFO - Upload de 'data/Comfaulda/Normal_Condition/Normal_2/51.74.csv' como 'Comfaulda/Normal_Condition/Normal_2/51.74.csv' realizado com sucesso.
2025-07-03 16:04:27,080 - minio_datalake_app - INFO - Iniciando upload de 'data/Comfaulda/Normal_Condition/Normal_2/53.15.csv' para 'datalake/Comfaulda/Normal_Condition/Normal_2/53.15.csv'
2025-07-03 16:04:27,331 - minio_datalake_app - INFO - Upload de 'data/Comfaulda/Normal_Condition/Normal_2/53.15.csv' como 'Comfaulda/Normal_Condition/Normal_2/53.15.csv' realizado com sucesso.
2025-07-03 16:04:27,331 - minio_datalake_app - INFO - Iniciando upload de 'data/Comfaulda/Normal_Condition/Normal_2/49.74.csv' para 'datalake/Comfaulda/Normal_Condition/Normal_2/49.74.csv'
2025-07-03 16:04:27,557 - minio_datalake_app - INFO - Upload de 'data/Comfaulda/Normal_Condition/Normal_2/49.74.csv' como 'Comfaulda/Normal_Condition/Normal_2/49.74.csv' realizado com sucesso.
2025-07-03 16:04:27,558 - minio_datalake_app - INFO - Iniciando upload de 'data/Comfaulda/Normal_Condition/Normal_2/59.80.csv' para 'datalake/Comfaulda/Normal_Condition/Normal_2/59.80.csv'
2025-07-03 16:04:27,788 - minio_datalake_app - INFO - Upload de 'data/Comfaulda/Normal_Condition/Normal_2/59.80.csv' como 'Comfaulda/Normal_Condition/Normal_2/59.80.csv' realizado com sucesso.
2025-07-03 16:04:27,788 - minio_datalake_app - INFO - Iniciando upload de 'data/Comfaulda/Normal_Condition/Normal_2/41.36.csv' para 'datalake/Comfaulda/Normal_Condition/Normal_2/41.36.csv'
2025-07-03 16:04:28,010 - minio_datalake_app - INFO - Upload de 'data/Comfaulda/Normal_Condition/Normal_2/41.36.csv' como 'Comfaulda/Normal_Condition/Normal_2/41.36.csv' realizado com sucesso.
2025-07-03 16:04:28,011 - minio_datalake_app - INFO - Iniciando upload de 'data/Comfaulda/Normal_Condition/Normal_2/45.52.csv' para 'datalake/Comfaulda/Normal_Condition/Normal_2/45.52.csv'
2025-07-03 16:04:28,226 - minio_datalake_app - INFO - Upload de 'data/Comfaulda/Normal_Condition/Normal_2/45.52.csv' como 'Comfaulda/Normal_Condition/Normal_2/45.52.csv' realizado com sucesso.
2025-07-03 16:04:28,226 - minio_datalake_app - INFO - Iniciando upload de 'data/Comfaulda/Normal_Condition/Normal_2/42.59.csv' para 'datalake/Comfaulda/Normal_Condition/Normal_2/42.59.csv'
2025-07-03 16:04:28,424 - minio_datalake_app - INFO - Upload de 'data/Comfaulda/Normal_Condition/Normal_2/42.59.csv' como 'Comfaulda/Normal_Condition/Normal_2/42.59.csv' realizado com sucesso.
2025-07-03 16:04:28,424 - minio_datalake_app - INFO - Iniciando upload de 'data/Comfaulda/Normal_Condition/Normal_2/55.82.csv' para 'datalake/Comfaulda/Normal_Condition/Normal_2/55.82.csv'
2025-07-03 16:04:28,653 - minio_datalake_app - INFO - Upload de 'data/Comfaulda/Normal_Condition/Normal_2/55.82.csv' como 'Comfaulda/Normal_Condition/Normal_2/55.82.csv' realizado com sucesso.
2025-07-03 16:04:28,653 - minio_datalake_app - INFO - Iniciando upload de 'data/Comfaulda/Normal_Condition/Normal_2/57.86.csv' para 'datalake/Comfaulda/Normal_Condition/Normal_2/57.86.csv'
2025-07-03 16:04:28,866 - minio_datalake_app - INFO - Upload de 'data/Comfaulda/Normal_Condition/Normal_2/57.86.csv' como 'Comfaulda/Normal_Condition/Normal_2/57.86.csv' realizado com sucesso.
2025-07-03 16:04:28,867 - minio_datalake_app - INFO - Iniciando upload de 'data/Comfaulda/Normal_Condition/Normal_2/50.70.csv' para 'datalake/Comfaulda/Normal_Condition/Normal_2/50.70.csv'
2025-07-03 16:04:29,112 - minio_datalake_app - INFO - Upload de 'data/Comfaulda/Normal_Condition/Normal_2/50.70.csv' como 'Comfaulda/Normal_Condition/Normal_2/50.70.csv' realizado com sucesso.
2025-07-03 16:04:29,116 - minio_datalake_app - INFO - Iniciando upload de 'data/Comfaulda/Normal_Condition/Normal_2/52.61.csv' para 'datalake/Comfaulda/Normal_Condition/Normal_2/52.61.csv'
2025-07-03 16:04:29,354 - minio_datalake_app - INFO - Upload de 'data/Comfaulda/Normal_Condition/Normal_2/52.61.csv' como 'Comfaulda/Normal_Condition/Normal_2/52.61.csv' realizado com sucesso.
2025-07-03 16:04:29,354 - minio_datalake_app - INFO - Iniciando upload de 'data/Comfaulda/Normal_Condition/Normal_2/47.78.csv' para 'datalake/Comfaulda/Normal_Condition/Normal_2/47.78.csv'
2025-07-03 16:04:29,567 - minio_datalake_app - INFO - Upload de 'data/Comfaulda/Normal_Condition/Normal_2/47.78.csv' como 'Comfaulda/Normal_Condition/Normal_2/47.78.csv' realizado com sucesso.
2025-07-03 16:04:29,567 - minio_datalake_app - INFO - Iniciando upload de 'data/Comfaulda/Normal_Condition/Normal_2/46.61.csv' para 'datalake/Comfaulda/Normal_Condition/Normal_2/46.61.csv'
2025-07-03 16:04:29,775 - minio_datalake_app - INFO - Upload de 'data/Comfaulda/Normal_Condition/Normal_2/46.61.csv' como 'Comfaulda/Normal_Condition/Normal_2/46.61.csv' realizado com sucesso.
2025-07-03 16:04:29,775 - minio_datalake_app - INFO - Iniciando upload de 'data/Comfaulda/Normal_Condition/Normal_2/44.64.csv' para 'datalake/Comfaulda/Normal_Condition/Normal_2/44.64.csv'
2025-07-03 16:04:29,988 - minio_datalake_app - INFO - Upload de 'data/Comfaulda/Normal_Condition/Normal_2/44.64.csv' como 'Comfaulda/Normal_Condition/Normal_2/44.64.csv' realizado com sucesso.
2025-07-03 16:04:29,988 - minio_datalake_app - INFO - Iniciando upload de 'data/Comfaulda/Normal_Condition/Normal_2/54.75.csv' para 'datalake/Comfaulda/Normal_Condition/Normal_2/54.75.csv'
2025-07-03 16:04:30,219 - minio_datalake_app - INFO - Upload de 'data/Comfaulda/Normal_Condition/Normal_2/54.75.csv' como 'Comfaulda/Normal_Condition/Normal_2/54.75.csv' realizado com sucesso.
2025-07-03 16:04:30,220 - minio_datalake_app - INFO - Iniciando upload de 'data/Comfaulda/Normal_Condition/Normal_2/48.67.csv' para 'datalake/Comfaulda/Normal_Condition/Normal_2/48.67.csv'
2025-07-03 16:04:30,444 - minio_datalake_app - INFO - Upload de 'data/Comfaulda/Normal_Condition/Normal_2/48.67.csv' como 'Comfaulda/Normal_Condition/Normal_2/48.67.csv' realizado com sucesso.
2025-07-03 16:04:30,444 - minio_datalake_app - INFO - Iniciando upload de 'data/Comfaulda/Normal_Condition/Normal_1/40.20.csv' para 'datalake/Comfaulda/Normal_Condition/Normal_1/40.20.csv'
2025-07-03 16:04:30,662 - minio_datalake_app - INFO - Upload de 'data/Comfaulda/Normal_Condition/Normal_1/40.20.csv' como 'Comfaulda/Normal_Condition/Normal_1/40.20.csv' realizado com sucesso.
2025-07-03 16:04:30,662 - minio_datalake_app - INFO - Iniciando upload de 'data/Comfaulda/Normal_Condition/Normal_1/28.15.csv' para 'datalake/Comfaulda/Normal_Condition/Normal_1/28.15.csv'
2025-07-03 16:04:30,861 - minio_datalake_app - INFO - Upload de 'data/Comfaulda/Normal_Condition/Normal_1/28.15.csv' como 'Comfaulda/Normal_Condition/Normal_1/28.15.csv' realizado com sucesso.
2025-07-03 16:04:30,861 - minio_datalake_app - INFO - Iniciando upload de 'data/Comfaulda/Normal_Condition/Normal_1/31.22.csv' para 'datalake/Comfaulda/Normal_Condition/Normal_1/31.22.csv'
2025-07-03 16:04:31,061 - minio_datalake_app - INFO - Upload de 'data/Comfaulda/Normal_Condition/Normal_1/31.22.csv' como 'Comfaulda/Normal_Condition/Normal_1/31.22.csv' realizado com sucesso.
2025-07-03 16:04:31,061 - minio_datalake_app - INFO - Iniciando upload de 'data/Comfaulda/Normal_Condition/Normal_1/22.88.csv' para 'datalake/Comfaulda/Normal_Condition/Normal_1/22.88.csv'
2025-07-03 16:04:31,286 - minio_datalake_app - INFO - Upload de 'data/Comfaulda/Normal_Condition/Normal_1/22.88.csv' como 'Comfaulda/Normal_Condition/Normal_1/22.88.csv' realizado com sucesso.
2025-07-03 16:04:31,287 - minio_datalake_app - INFO - Iniciando upload de 'data/Comfaulda/Normal_Condition/Normal_1/.DS_Store' para 'datalake/Comfaulda/Normal_Condition/Normal_1/.DS_Store'
2025-07-03 16:04:31,291 - minio_datalake_app - INFO - Upload de 'data/Comfaulda/Normal_Condition/Normal_1/.DS_Store' como 'Comfaulda/Normal_Condition/Normal_1/.DS_Store' realizado com sucesso.
2025-07-03 16:04:31,291 - minio_datalake_app - INFO - Iniciando upload de 'data/Comfaulda/Normal_Condition/Normal_1/33.23.csv' para 'datalake/Comfaulda/Normal_Condition/Normal_1/33.23.csv'
2025-07-03 16:04:31,515 - minio_datalake_app - INFO - Upload de 'data/Comfaulda/Normal_Condition/Normal_1/33.23.csv' como 'Comfaulda/Normal_Condition/Normal_1/33.23.csv' realizado com sucesso.
2025-07-03 16:04:31,516 - minio_datalake_app - INFO - Iniciando upload de 'data/Comfaulda/Normal_Condition/Normal_1/16.75.csv' para 'datalake/Comfaulda/Normal_Condition/Normal_1/16.75.csv'
2025-07-03 16:04:31,736 - minio_datalake_app - INFO - Upload de 'data/Comfaulda/Normal_Condition/Normal_1/16.75.csv' como 'Comfaulda/Normal_Condition/Normal_1/16.75.csv' realizado com sucesso.
2025-07-03 16:04:31,736 - minio_datalake_app - INFO - Iniciando upload de 'data/Comfaulda/Normal_Condition/Normal_1/14.70.csv' para 'datalake/Comfaulda/Normal_Condition/Normal_1/14.70.csv'
2025-07-03 16:04:31,943 - minio_datalake_app - INFO - Upload de 'data/Comfaulda/Normal_Condition/Normal_1/14.70.csv' como 'Comfaulda/Normal_Condition/Normal_1/14.70.csv' realizado com sucesso.
2025-07-03 16:04:31,943 - minio_datalake_app - INFO - Iniciando upload de 'data/Comfaulda/Normal_Condition/Normal_1/32.13.csv' para 'datalake/Comfaulda/Normal_Condition/Normal_1/32.13.csv'
2025-07-03 16:04:32,165 - minio_datalake_app - INFO - Upload de 'data/Comfaulda/Normal_Condition/Normal_1/32.13.csv' como 'Comfaulda/Normal_Condition/Normal_1/32.13.csv' realizado com sucesso.
2025-07-03 16:04:32,166 - minio_datalake_app - INFO - Iniciando upload de 'data/Comfaulda/Normal_Condition/Normal_1/37.23.csv' para 'datalake/Comfaulda/Normal_Condition/Normal_1/37.23.csv'
2025-07-03 16:04:32,451 - minio_datalake_app - INFO - Upload de 'data/Comfaulda/Normal_Condition/Normal_1/37.23.csv' como 'Comfaulda/Normal_Condition/Normal_1/37.23.csv' realizado com sucesso.
2025-07-03 16:04:32,452 - minio_datalake_app - INFO - Iniciando upload de 'data/Comfaulda/Normal_Condition/Normal_1/35.27.csv' para 'datalake/Comfaulda/Normal_Condition/Normal_1/35.27.csv'
2025-07-03 16:04:32,653 - minio_datalake_app - INFO - Upload de 'data/Comfaulda/Normal_Condition/Normal_1/35.27.csv' como 'Comfaulda/Normal_Condition/Normal_1/35.27.csv' realizado com sucesso.
2025-07-03 16:04:32,654 - minio_datalake_app - INFO - Iniciando upload de 'data/Comfaulda/Normal_Condition/Normal_1/21.85.csv' para 'datalake/Comfaulda/Normal_Condition/Normal_1/21.85.csv'
2025-07-03 16:04:32,880 - minio_datalake_app - INFO - Upload de 'data/Comfaulda/Normal_Condition/Normal_1/21.85.csv' como 'Comfaulda/Normal_Condition/Normal_1/21.85.csv' realizado com sucesso.
2025-07-03 16:04:32,881 - minio_datalake_app - INFO - Iniciando upload de 'data/Comfaulda/Normal_Condition/Normal_1/25.22.csv' para 'datalake/Comfaulda/Normal_Condition/Normal_1/25.22.csv'
2025-07-03 16:04:33,088 - minio_datalake_app - INFO - Upload de 'data/Comfaulda/Normal_Condition/Normal_1/25.22.csv' como 'Comfaulda/Normal_Condition/Normal_1/25.22.csv' realizado com sucesso.
2025-07-03 16:04:33,088 - minio_datalake_app - INFO - Iniciando upload de 'data/Comfaulda/Normal_Condition/Normal_1/39.31.csv' para 'datalake/Comfaulda/Normal_Condition/Normal_1/39.31.csv'
2025-07-03 16:04:33,321 - minio_datalake_app - INFO - Upload de 'data/Comfaulda/Normal_Condition/Normal_1/39.31.csv' como 'Comfaulda/Normal_Condition/Normal_1/39.31.csv' realizado com sucesso.
2025-07-03 16:04:33,322 - minio_datalake_app - INFO - Iniciando upload de 'data/Comfaulda/Normal_Condition/Normal_1/29.21.csv' para 'datalake/Comfaulda/Normal_Condition/Normal_1/29.21.csv'
2025-07-03 16:04:33,544 - minio_datalake_app - INFO - Upload de 'data/Comfaulda/Normal_Condition/Normal_1/29.21.csv' como 'Comfaulda/Normal_Condition/Normal_1/29.21.csv' realizado com sucesso.
2025-07-03 16:04:33,544 - minio_datalake_app - INFO - Iniciando upload de 'data/Comfaulda/Normal_Condition/Normal_1/19.82.csv' para 'datalake/Comfaulda/Normal_Condition/Normal_1/19.82.csv'
2025-07-03 16:04:33,758 - minio_datalake_app - INFO - Upload de 'data/Comfaulda/Normal_Condition/Normal_1/19.82.csv' como 'Comfaulda/Normal_Condition/Normal_1/19.82.csv' realizado com sucesso.
2025-07-03 16:04:33,758 - minio_datalake_app - INFO - Iniciando upload de 'data/Comfaulda/Normal_Condition/Normal_1/23.93.csv' para 'datalake/Comfaulda/Normal_Condition/Normal_1/23.93.csv'
2025-07-03 16:04:33,992 - minio_datalake_app - INFO - Upload de 'data/Comfaulda/Normal_Condition/Normal_1/23.93.csv' como 'Comfaulda/Normal_Condition/Normal_1/23.93.csv' realizado com sucesso.
2025-07-03 16:04:33,993 - minio_datalake_app - INFO - Iniciando upload de 'data/Comfaulda/Normal_Condition/Normal_1/38.47.csv' para 'datalake/Comfaulda/Normal_Condition/Normal_1/38.47.csv'
2025-07-03 16:04:34,204 - minio_datalake_app - INFO - Upload de 'data/Comfaulda/Normal_Condition/Normal_1/38.47.csv' como 'Comfaulda/Normal_Condition/Normal_1/38.47.csv' realizado com sucesso.
2025-07-03 16:04:34,205 - minio_datalake_app - INFO - Iniciando upload de 'data/Comfaulda/Normal_Condition/Normal_1/27.13.csv' para 'datalake/Comfaulda/Normal_Condition/Normal_1/27.13.csv'
2025-07-03 16:04:34,422 - minio_datalake_app - INFO - Upload de 'data/Comfaulda/Normal_Condition/Normal_1/27.13.csv' como 'Comfaulda/Normal_Condition/Normal_1/27.13.csv' realizado com sucesso.
2025-07-03 16:04:34,422 - minio_datalake_app - INFO - Iniciando upload de 'data/Comfaulda/Normal_Condition/Normal_1/15.77.csv' para 'datalake/Comfaulda/Normal_Condition/Normal_1/15.77.csv'
2025-07-03 16:04:34,632 - minio_datalake_app - INFO - Upload de 'data/Comfaulda/Normal_Condition/Normal_1/15.77.csv' como 'Comfaulda/Normal_Condition/Normal_1/15.77.csv' realizado com sucesso.
2025-07-03 16:04:34,632 - minio_datalake_app - INFO - Iniciando upload de 'data/Comfaulda/Normal_Condition/Normal_1/12.82.csv' para 'datalake/Comfaulda/Normal_Condition/Normal_1/12.82.csv'
2025-07-03 16:04:34,858 - minio_datalake_app - INFO - Upload de 'data/Comfaulda/Normal_Condition/Normal_1/12.82.csv' como 'Comfaulda/Normal_Condition/Normal_1/12.82.csv' realizado com sucesso.
2025-07-03 16:04:34,858 - minio_datalake_app - INFO - Iniciando upload de 'data/Comfaulda/Normal_Condition/Normal_1/30.18.csv' para 'datalake/Comfaulda/Normal_Condition/Normal_1/30.18.csv'
2025-07-03 16:04:35,096 - minio_datalake_app - INFO - Upload de 'data/Comfaulda/Normal_Condition/Normal_1/30.18.csv' como 'Comfaulda/Normal_Condition/Normal_1/30.18.csv' realizado com sucesso.
2025-07-03 16:04:35,096 - minio_datalake_app - INFO - Iniciando upload de 'data/Comfaulda/Normal_Condition/Normal_1/24.92.csv' para 'datalake/Comfaulda/Normal_Condition/Normal_1/24.92.csv'
2025-07-03 16:04:35,302 - minio_datalake_app - INFO - Upload de 'data/Comfaulda/Normal_Condition/Normal_1/24.92.csv' como 'Comfaulda/Normal_Condition/Normal_1/24.92.csv' realizado com sucesso.
2025-07-03 16:04:35,302 - minio_datalake_app - INFO - Iniciando upload de 'data/Comfaulda/Normal_Condition/Normal_1/17.77.csv' para 'datalake/Comfaulda/Normal_Condition/Normal_1/17.77.csv'
2025-07-03 16:04:35,635 - minio_datalake_app - INFO - Upload de 'data/Comfaulda/Normal_Condition/Normal_1/17.77.csv' como 'Comfaulda/Normal_Condition/Normal_1/17.77.csv' realizado com sucesso.
2025-07-03 16:04:35,635 - minio_datalake_app - INFO - Iniciando upload de 'data/Comfaulda/Normal_Condition/Normal_1/18.82.csv' para 'datalake/Comfaulda/Normal_Condition/Normal_1/18.82.csv'
2025-07-03 16:04:35,834 - minio_datalake_app - INFO - Upload de 'data/Comfaulda/Normal_Condition/Normal_1/18.82.csv' como 'Comfaulda/Normal_Condition/Normal_1/18.82.csv' realizado com sucesso.
2025-07-03 16:04:35,835 - minio_datalake_app - INFO - Iniciando upload de 'data/Comfaulda/Normal_Condition/Normal_1/13.77.csv' para 'datalake/Comfaulda/Normal_Condition/Normal_1/13.77.csv'
2025-07-03 16:04:36,090 - minio_datalake_app - INFO - Upload de 'data/Comfaulda/Normal_Condition/Normal_1/13.77.csv' como 'Comfaulda/Normal_Condition/Normal_1/13.77.csv' realizado com sucesso.
2025-07-03 16:04:36,090 - minio_datalake_app - INFO - Iniciando upload de 'data/Comfaulda/Normal_Condition/Normal_1/20.84.csv' para 'datalake/Comfaulda/Normal_Condition/Normal_1/20.84.csv'
2025-07-03 16:04:36,313 - minio_datalake_app - INFO - Upload de 'data/Comfaulda/Normal_Condition/Normal_1/20.84.csv' como 'Comfaulda/Normal_Condition/Normal_1/20.84.csv' realizado com sucesso.
2025-07-03 16:04:36,313 - minio_datalake_app - INFO - Iniciando upload de 'data/Comfaulda/Normal_Condition/Normal_1/26.26.csv' para 'datalake/Comfaulda/Normal_Condition/Normal_1/26.26.csv'
2025-07-03 16:04:36,551 - minio_datalake_app - INFO - Upload de 'data/Comfaulda/Normal_Condition/Normal_1/26.26.csv' como 'Comfaulda/Normal_Condition/Normal_1/26.26.csv' realizado com sucesso.
2025-07-03 16:04:36,551 - minio_datalake_app - INFO - Iniciando upload de 'data/Comfaulda/Normal_Condition/Normal_1/36.26.csv' para 'datalake/Comfaulda/Normal_Condition/Normal_1/36.26.csv'
2025-07-03 16:04:36,819 - minio_datalake_app - INFO - Upload de 'data/Comfaulda/Normal_Condition/Normal_1/36.26.csv' como 'Comfaulda/Normal_Condition/Normal_1/36.26.csv' realizado com sucesso.
2025-07-03 16:04:36,819 - minio_datalake_app - INFO - Iniciando upload de 'data/Comfaulda/Normal_Condition/Normal_1/34.35.csv' para 'datalake/Comfaulda/Normal_Condition/Normal_1/34.35.csv'
2025-07-03 16:04:37,037 - minio_datalake_app - INFO - Upload de 'data/Comfaulda/Normal_Condition/Normal_1/34.35.csv' como 'Comfaulda/Normal_Condition/Normal_1/34.35.csv' realizado com sucesso.
2025-07-03 16:04:37,038 - minio_datalake_app - INFO - Iniciando upload de 'data/Comfaulda/Single Faults/.DS_Store' para 'datalake/Comfaulda/Single Faults/.DS_Store'
2025-07-03 16:04:37,044 - minio_datalake_app - INFO - Upload de 'data/Comfaulda/Single Faults/.DS_Store' como 'Comfaulda/Single Faults/.DS_Store' realizado com sucesso.
2025-07-03 16:04:37,044 - minio_datalake_app - INFO - Iniciando upload de 'data/Comfaulda/Single Faults/Horizontal_Misalignment/28.15.csv' para 'datalake/Comfaulda/Single Faults/Horizontal_Misalignment/28.15.csv'
2025-07-03 16:04:37,259 - minio_datalake_app - INFO - Upload de 'data/Comfaulda/Single Faults/Horizontal_Misalignment/28.15.csv' como 'Comfaulda/Single Faults/Horizontal_Misalignment/28.15.csv' realizado com sucesso.
2025-07-03 16:04:37,260 - minio_datalake_app - INFO - Iniciando upload de 'data/Comfaulda/Single Faults/Horizontal_Misalignment/31.22.csv' para 'datalake/Comfaulda/Single Faults/Horizontal_Misalignment/31.22.csv'
2025-07-03 16:04:37,469 - minio_datalake_app - INFO - Upload de 'data/Comfaulda/Single Faults/Horizontal_Misalignment/31.22.csv' como 'Comfaulda/Single Faults/Horizontal_Misalignment/31.22.csv' realizado com sucesso.
2025-07-03 16:04:37,469 - minio_datalake_app - INFO - Iniciando upload de 'data/Comfaulda/Single Faults/Horizontal_Misalignment/22.88.csv' para 'datalake/Comfaulda/Single Faults/Horizontal_Misalignment/22.88.csv'
2025-07-03 16:04:37,687 - minio_datalake_app - INFO - Upload de 'data/Comfaulda/Single Faults/Horizontal_Misalignment/22.88.csv' como 'Comfaulda/Single Faults/Horizontal_Misalignment/22.88.csv' realizado com sucesso.
2025-07-03 16:04:37,687 - minio_datalake_app - INFO - Iniciando upload de 'data/Comfaulda/Single Faults/Horizontal_Misalignment/21.85.csv' para 'datalake/Comfaulda/Single Faults/Horizontal_Misalignment/21.85.csv'
2025-07-03 16:04:37,893 - minio_datalake_app - INFO - Upload de 'data/Comfaulda/Single Faults/Horizontal_Misalignment/21.85.csv' como 'Comfaulda/Single Faults/Horizontal_Misalignment/21.85.csv' realizado com sucesso.
2025-07-03 16:04:37,893 - minio_datalake_app - INFO - Iniciando upload de 'data/Comfaulda/Single Faults/Horizontal_Misalignment/25.22.csv' para 'datalake/Comfaulda/Single Faults/Horizontal_Misalignment/25.22.csv'
2025-07-03 16:04:38,129 - minio_datalake_app - INFO - Upload de 'data/Comfaulda/Single Faults/Horizontal_Misalignment/25.22.csv' como 'Comfaulda/Single Faults/Horizontal_Misalignment/25.22.csv' realizado com sucesso.
2025-07-03 16:04:38,129 - minio_datalake_app - INFO - Iniciando upload de 'data/Comfaulda/Single Faults/Horizontal_Misalignment/29.21.csv' para 'datalake/Comfaulda/Single Faults/Horizontal_Misalignment/29.21.csv'
2025-07-03 16:04:38,376 - minio_datalake_app - INFO - Upload de 'data/Comfaulda/Single Faults/Horizontal_Misalignment/29.21.csv' como 'Comfaulda/Single Faults/Horizontal_Misalignment/29.21.csv' realizado com sucesso.
2025-07-03 16:04:38,376 - minio_datalake_app - INFO - Iniciando upload de 'data/Comfaulda/Single Faults/Horizontal_Misalignment/19.82.csv' para 'datalake/Comfaulda/Single Faults/Horizontal_Misalignment/19.82.csv'
2025-07-03 16:04:38,639 - minio_datalake_app - INFO - Upload de 'data/Comfaulda/Single Faults/Horizontal_Misalignment/19.82.csv' como 'Comfaulda/Single Faults/Horizontal_Misalignment/19.82.csv' realizado com sucesso.
2025-07-03 16:04:38,640 - minio_datalake_app - INFO - Iniciando upload de 'data/Comfaulda/Single Faults/Horizontal_Misalignment/23.93.csv' para 'datalake/Comfaulda/Single Faults/Horizontal_Misalignment/23.93.csv'
2025-07-03 16:04:38,870 - minio_datalake_app - INFO - Upload de 'data/Comfaulda/Single Faults/Horizontal_Misalignment/23.93.csv' como 'Comfaulda/Single Faults/Horizontal_Misalignment/23.93.csv' realizado com sucesso.
2025-07-03 16:04:38,871 - minio_datalake_app - INFO - Iniciando upload de 'data/Comfaulda/Single Faults/Horizontal_Misalignment/27.13.csv' para 'datalake/Comfaulda/Single Faults/Horizontal_Misalignment/27.13.csv'
2025-07-03 16:04:39,096 - minio_datalake_app - INFO - Upload de 'data/Comfaulda/Single Faults/Horizontal_Misalignment/27.13.csv' como 'Comfaulda/Single Faults/Horizontal_Misalignment/27.13.csv' realizado com sucesso.
2025-07-03 16:04:39,096 - minio_datalake_app - INFO - Iniciando upload de 'data/Comfaulda/Single Faults/Horizontal_Misalignment/30.18.csv' para 'datalake/Comfaulda/Single Faults/Horizontal_Misalignment/30.18.csv'
2025-07-03 16:04:39,316 - minio_datalake_app - INFO - Upload de 'data/Comfaulda/Single Faults/Horizontal_Misalignment/30.18.csv' como 'Comfaulda/Single Faults/Horizontal_Misalignment/30.18.csv' realizado com sucesso.
2025-07-03 16:04:39,316 - minio_datalake_app - INFO - Iniciando upload de 'data/Comfaulda/Single Faults/Horizontal_Misalignment/24.92.csv' para 'datalake/Comfaulda/Single Faults/Horizontal_Misalignment/24.92.csv'
2025-07-03 16:04:39,527 - minio_datalake_app - INFO - Upload de 'data/Comfaulda/Single Faults/Horizontal_Misalignment/24.92.csv' como 'Comfaulda/Single Faults/Horizontal_Misalignment/24.92.csv' realizado com sucesso.
2025-07-03 16:04:39,527 - minio_datalake_app - INFO - Iniciando upload de 'data/Comfaulda/Single Faults/Horizontal_Misalignment/20.84.csv' para 'datalake/Comfaulda/Single Faults/Horizontal_Misalignment/20.84.csv'
2025-07-03 16:04:39,724 - minio_datalake_app - INFO - Upload de 'data/Comfaulda/Single Faults/Horizontal_Misalignment/20.84.csv' como 'Comfaulda/Single Faults/Horizontal_Misalignment/20.84.csv' realizado com sucesso.
2025-07-03 16:04:39,725 - minio_datalake_app - INFO - Iniciando upload de 'data/Comfaulda/Single Faults/Horizontal_Misalignment/26.26.csv' para 'datalake/Comfaulda/Single Faults/Horizontal_Misalignment/26.26.csv'
2025-07-03 16:04:39,935 - minio_datalake_app - INFO - Upload de 'data/Comfaulda/Single Faults/Horizontal_Misalignment/26.26.csv' como 'Comfaulda/Single Faults/Horizontal_Misalignment/26.26.csv' realizado com sucesso.
2025-07-03 16:04:39,935 - minio_datalake_app - INFO - Iniciando upload de 'data/Comfaulda/Single Faults/Vertical_Misalignment/58.81.csv' para 'datalake/Comfaulda/Single Faults/Vertical_Misalignment/58.81.csv'
2025-07-03 16:04:40,156 - minio_datalake_app - INFO - Upload de 'data/Comfaulda/Single Faults/Vertical_Misalignment/58.81.csv' como 'Comfaulda/Single Faults/Vertical_Misalignment/58.81.csv' realizado com sucesso.
2025-07-03 16:04:40,156 - minio_datalake_app - INFO - Iniciando upload de 'data/Comfaulda/Single Faults/Vertical_Misalignment/56.80.csv' para 'datalake/Comfaulda/Single Faults/Vertical_Misalignment/56.80.csv'
2025-07-03 16:04:40,378 - minio_datalake_app - INFO - Upload de 'data/Comfaulda/Single Faults/Vertical_Misalignment/56.80.csv' como 'Comfaulda/Single Faults/Vertical_Misalignment/56.80.csv' realizado com sucesso.
2025-07-03 16:04:40,378 - minio_datalake_app - INFO - Iniciando upload de 'data/Comfaulda/Single Faults/Vertical_Misalignment/60.80.csv' para 'datalake/Comfaulda/Single Faults/Vertical_Misalignment/60.80.csv'
2025-07-03 16:04:40,592 - minio_datalake_app - INFO - Upload de 'data/Comfaulda/Single Faults/Vertical_Misalignment/60.80.csv' como 'Comfaulda/Single Faults/Vertical_Misalignment/60.80.csv' realizado com sucesso.
2025-07-03 16:04:40,593 - minio_datalake_app - INFO - Iniciando upload de 'data/Comfaulda/Single Faults/Vertical_Misalignment/51.74.csv' para 'datalake/Comfaulda/Single Faults/Vertical_Misalignment/51.74.csv'
2025-07-03 16:04:40,813 - minio_datalake_app - INFO - Upload de 'data/Comfaulda/Single Faults/Vertical_Misalignment/51.74.csv' como 'Comfaulda/Single Faults/Vertical_Misalignment/51.74.csv' realizado com sucesso.
2025-07-03 16:04:40,814 - minio_datalake_app - INFO - Iniciando upload de 'data/Comfaulda/Single Faults/Vertical_Misalignment/53.15.csv' para 'datalake/Comfaulda/Single Faults/Vertical_Misalignment/53.15.csv'
2025-07-03 16:04:41,042 - minio_datalake_app - INFO - Upload de 'data/Comfaulda/Single Faults/Vertical_Misalignment/53.15.csv' como 'Comfaulda/Single Faults/Vertical_Misalignment/53.15.csv' realizado com sucesso.
2025-07-03 16:04:41,043 - minio_datalake_app - INFO - Iniciando upload de 'data/Comfaulda/Single Faults/Vertical_Misalignment/59.80.csv' para 'datalake/Comfaulda/Single Faults/Vertical_Misalignment/59.80.csv'
2025-07-03 16:04:41,271 - minio_datalake_app - INFO - Upload de 'data/Comfaulda/Single Faults/Vertical_Misalignment/59.80.csv' como 'Comfaulda/Single Faults/Vertical_Misalignment/59.80.csv' realizado com sucesso.
2025-07-03 16:04:41,273 - minio_datalake_app - INFO - Iniciando upload de 'data/Comfaulda/Single Faults/Vertical_Misalignment/55.82.csv' para 'datalake/Comfaulda/Single Faults/Vertical_Misalignment/55.82.csv'
2025-07-03 16:04:41,492 - minio_datalake_app - INFO - Upload de 'data/Comfaulda/Single Faults/Vertical_Misalignment/55.82.csv' como 'Comfaulda/Single Faults/Vertical_Misalignment/55.82.csv' realizado com sucesso.
2025-07-03 16:04:41,492 - minio_datalake_app - INFO - Iniciando upload de 'data/Comfaulda/Single Faults/Vertical_Misalignment/57.86.csv' para 'datalake/Comfaulda/Single Faults/Vertical_Misalignment/57.86.csv'
2025-07-03 16:04:41,707 - minio_datalake_app - INFO - Upload de 'data/Comfaulda/Single Faults/Vertical_Misalignment/57.86.csv' como 'Comfaulda/Single Faults/Vertical_Misalignment/57.86.csv' realizado com sucesso.
2025-07-03 16:04:41,707 - minio_datalake_app - INFO - Iniciando upload de 'data/Comfaulda/Single Faults/Vertical_Misalignment/52.61.csv' para 'datalake/Comfaulda/Single Faults/Vertical_Misalignment/52.61.csv'
2025-07-03 16:04:41,930 - minio_datalake_app - INFO - Upload de 'data/Comfaulda/Single Faults/Vertical_Misalignment/52.61.csv' como 'Comfaulda/Single Faults/Vertical_Misalignment/52.61.csv' realizado com sucesso.
2025-07-03 16:04:41,931 - minio_datalake_app - INFO - Iniciando upload de 'data/Comfaulda/Single Faults/Vertical_Misalignment/54.75.csv' para 'datalake/Comfaulda/Single Faults/Vertical_Misalignment/54.75.csv'
2025-07-03 16:04:42,147 - minio_datalake_app - INFO - Upload de 'data/Comfaulda/Single Faults/Vertical_Misalignment/54.75.csv' como 'Comfaulda/Single Faults/Vertical_Misalignment/54.75.csv' realizado com sucesso.
2025-07-03 16:04:42,147 - minio_datalake_app - INFO - Iniciando upload de 'data/Comfaulda/Combined Faults/.DS_Store' para 'datalake/Comfaulda/Combined Faults/.DS_Store'
2025-07-03 16:04:42,151 - minio_datalake_app - INFO - Upload de 'data/Comfaulda/Combined Faults/.DS_Store' como 'Comfaulda/Combined Faults/.DS_Store' realizado com sucesso.
2025-07-03 16:04:42,151 - minio_datalake_app - INFO - Iniciando upload de 'data/Comfaulda/Combined Faults/Unbalance_Horizontal_misalignment/.DS_Store' para 'datalake/Comfaulda/Combined Faults/Unbalance_Horizontal_misalignment/.DS_Store'
2025-07-03 16:04:42,154 - minio_datalake_app - INFO - Upload de 'data/Comfaulda/Combined Faults/Unbalance_Horizontal_misalignment/.DS_Store' como 'Comfaulda/Combined Faults/Unbalance_Horizontal_misalignment/.DS_Store' realizado com sucesso.
2025-07-03 16:04:42,155 - minio_datalake_app - INFO - Iniciando upload de 'data/Comfaulda/Combined Faults/Unbalance_Horizontal_misalignment/Unbalance_30_g+Hor. Misalignment_0.5_mm/14.89.csv' para 'datalake/Comfaulda/Combined Faults/Unbalance_Horizontal_misalignment/Unbalance_30_g+Hor. Misalignment_0.5_mm/14.89.csv'
2025-07-03 16:04:42,391 - minio_datalake_app - INFO - Upload de 'data/Comfaulda/Combined Faults/Unbalance_Horizontal_misalignment/Unbalance_30_g+Hor. Misalignment_0.5_mm/14.89.csv' como 'Comfaulda/Combined Faults/Unbalance_Horizontal_misalignment/Unbalance_30_g+Hor. Misalignment_0.5_mm/14.89.csv' realizado com sucesso.
2025-07-03 16:04:42,391 - minio_datalake_app - INFO - Iniciando upload de 'data/Comfaulda/Combined Faults/Unbalance_Horizontal_misalignment/Unbalance_30_g+Hor. Misalignment_0.5_mm/.DS_Store' para 'datalake/Comfaulda/Combined Faults/Unbalance_Horizontal_misalignment/Unbalance_30_g+Hor. Misalignment_0.5_mm/.DS_Store'
2025-07-03 16:04:42,395 - minio_datalake_app - INFO - Upload de 'data/Comfaulda/Combined Faults/Unbalance_Horizontal_misalignment/Unbalance_30_g+Hor. Misalignment_0.5_mm/.DS_Store' como 'Comfaulda/Combined Faults/Unbalance_Horizontal_misalignment/Unbalance_30_g+Hor. Misalignment_0.5_mm/.DS_Store' realizado com sucesso.
2025-07-03 16:04:42,396 - minio_datalake_app - INFO - Iniciando upload de 'data/Comfaulda/Combined Faults/Unbalance_Horizontal_misalignment/Unbalance_30_g+Hor. Misalignment_0.5_mm/13.79.csv' para 'datalake/Comfaulda/Combined Faults/Unbalance_Horizontal_misalignment/Unbalance_30_g+Hor. Misalignment_0.5_mm/13.79.csv'
2025-07-03 16:04:42,627 - minio_datalake_app - INFO - Upload de 'data/Comfaulda/Combined Faults/Unbalance_Horizontal_misalignment/Unbalance_30_g+Hor. Misalignment_0.5_mm/13.79.csv' como 'Comfaulda/Combined Faults/Unbalance_Horizontal_misalignment/Unbalance_30_g+Hor. Misalignment_0.5_mm/13.79.csv' realizado com sucesso.
2025-07-03 16:04:42,627 - minio_datalake_app - INFO - Iniciando upload de 'data/Comfaulda/Combined Faults/Unbalance_Horizontal_misalignment/Unbalance_30_g+Hor. Misalignment_0.5_mm/17.90.csv' para 'datalake/Comfaulda/Combined Faults/Unbalance_Horizontal_misalignment/Unbalance_30_g+Hor. Misalignment_0.5_mm/17.90.csv'
2025-07-03 16:04:42,926 - minio_datalake_app - INFO - Upload de 'data/Comfaulda/Combined Faults/Unbalance_Horizontal_misalignment/Unbalance_30_g+Hor. Misalignment_0.5_mm/17.90.csv' como 'Comfaulda/Combined Faults/Unbalance_Horizontal_misalignment/Unbalance_30_g+Hor. Misalignment_0.5_mm/17.90.csv' realizado com sucesso.
2025-07-03 16:04:42,927 - minio_datalake_app - INFO - Iniciando upload de 'data/Comfaulda/Combined Faults/Unbalance_Horizontal_misalignment/Unbalance_30_g+Hor. Misalignment_0.5_mm/15.77.csv' para 'datalake/Comfaulda/Combined Faults/Unbalance_Horizontal_misalignment/Unbalance_30_g+Hor. Misalignment_0.5_mm/15.77.csv'
2025-07-03 16:04:43,189 - minio_datalake_app - INFO - Upload de 'data/Comfaulda/Combined Faults/Unbalance_Horizontal_misalignment/Unbalance_30_g+Hor. Misalignment_0.5_mm/15.77.csv' como 'Comfaulda/Combined Faults/Unbalance_Horizontal_misalignment/Unbalance_30_g+Hor. Misalignment_0.5_mm/15.77.csv' realizado com sucesso.
2025-07-03 16:04:43,189 - minio_datalake_app - INFO - Iniciando upload de 'data/Comfaulda/Combined Faults/Unbalance_Horizontal_misalignment/Unbalance_30_g+Hor. Misalignment_0.5_mm/12.97.csv' para 'datalake/Comfaulda/Combined Faults/Unbalance_Horizontal_misalignment/Unbalance_30_g+Hor. Misalignment_0.5_mm/12.97.csv'
2025-07-03 16:04:43,418 - minio_datalake_app - INFO - Upload de 'data/Comfaulda/Combined Faults/Unbalance_Horizontal_misalignment/Unbalance_30_g+Hor. Misalignment_0.5_mm/12.97.csv' como 'Comfaulda/Combined Faults/Unbalance_Horizontal_misalignment/Unbalance_30_g+Hor. Misalignment_0.5_mm/12.97.csv' realizado com sucesso.
2025-07-03 16:04:43,418 - minio_datalake_app - INFO - Iniciando upload de 'data/Comfaulda/Combined Faults/Unbalance_Horizontal_misalignment/Unbalance_30_g+Hor. Misalignment_0.5_mm/16.79.csv' para 'datalake/Comfaulda/Combined Faults/Unbalance_Horizontal_misalignment/Unbalance_30_g+Hor. Misalignment_0.5_mm/16.79.csv'
2025-07-03 16:04:43,645 - minio_datalake_app - INFO - Upload de 'data/Comfaulda/Combined Faults/Unbalance_Horizontal_misalignment/Unbalance_30_g+Hor. Misalignment_0.5_mm/16.79.csv' como 'Comfaulda/Combined Faults/Unbalance_Horizontal_misalignment/Unbalance_30_g+Hor. Misalignment_0.5_mm/16.79.csv' realizado com sucesso.
2025-07-03 16:04:43,645 - minio_datalake_app - INFO - Iniciando upload de 'data/Comfaulda/Combined Faults/Unbalance_Horizontal_misalignment/Unbalance_30_g+Hor. Misalignment_0.5_mm/18.84.csv' para 'datalake/Comfaulda/Combined Faults/Unbalance_Horizontal_misalignment/Unbalance_30_g+Hor. Misalignment_0.5_mm/18.84.csv'
2025-07-03 16:04:43,906 - minio_datalake_app - INFO - Upload de 'data/Comfaulda/Combined Faults/Unbalance_Horizontal_misalignment/Unbalance_30_g+Hor. Misalignment_0.5_mm/18.84.csv' como 'Comfaulda/Combined Faults/Unbalance_Horizontal_misalignment/Unbalance_30_g+Hor. Misalignment_0.5_mm/18.84.csv' realizado com sucesso.
2025-07-03 16:04:43,907 - minio_datalake_app - INFO - Iniciando upload de 'data/Comfaulda/Combined Faults/Vertical_misalignment/Ver. Misalignment_0.51_mm+Hor. Misalignment_1_mm/14.76.csv' para 'datalake/Comfaulda/Combined Faults/Vertical_misalignment/Ver. Misalignment_0.51_mm+Hor. Misalignment_1_mm/14.76.csv'
2025-07-03 16:04:44,134 - minio_datalake_app - INFO - Upload de 'data/Comfaulda/Combined Faults/Vertical_misalignment/Ver. Misalignment_0.51_mm+Hor. Misalignment_1_mm/14.76.csv' como 'Comfaulda/Combined Faults/Vertical_misalignment/Ver. Misalignment_0.51_mm+Hor. Misalignment_1_mm/14.76.csv' realizado com sucesso.
2025-07-03 16:04:44,134 - minio_datalake_app - INFO - Iniciando upload de 'data/Comfaulda/Combined Faults/Vertical_misalignment/Ver. Misalignment_0.51_mm+Hor. Misalignment_1_mm/.DS_Store' para 'datalake/Comfaulda/Combined Faults/Vertical_misalignment/Ver. Misalignment_0.51_mm+Hor. Misalignment_1_mm/.DS_Store'
2025-07-03 16:04:44,137 - minio_datalake_app - INFO - Upload de 'data/Comfaulda/Combined Faults/Vertical_misalignment/Ver. Misalignment_0.51_mm+Hor. Misalignment_1_mm/.DS_Store' como 'Comfaulda/Combined Faults/Vertical_misalignment/Ver. Misalignment_0.51_mm+Hor. Misalignment_1_mm/.DS_Store' realizado com sucesso.
2025-07-03 16:04:44,137 - minio_datalake_app - INFO - Iniciando upload de 'data/Comfaulda/Combined Faults/Vertical_misalignment/Ver. Misalignment_0.51_mm+Hor. Misalignment_1_mm/15.85.csv' para 'datalake/Comfaulda/Combined Faults/Vertical_misalignment/Ver. Misalignment_0.51_mm+Hor. Misalignment_1_mm/15.85.csv'
2025-07-03 16:04:44,380 - minio_datalake_app - INFO - Upload de 'data/Comfaulda/Combined Faults/Vertical_misalignment/Ver. Misalignment_0.51_mm+Hor. Misalignment_1_mm/15.85.csv' como 'Comfaulda/Combined Faults/Vertical_misalignment/Ver. Misalignment_0.51_mm+Hor. Misalignment_1_mm/15.85.csv' realizado com sucesso.
2025-07-03 16:04:44,380 - minio_datalake_app - INFO - Iniciando upload de 'data/Comfaulda/Combined Faults/Vertical_misalignment/Ver. Misalignment_0.51_mm+Hor. Misalignment_1_mm/12.81.csv' para 'datalake/Comfaulda/Combined Faults/Vertical_misalignment/Ver. Misalignment_0.51_mm+Hor. Misalignment_1_mm/12.81.csv'
2025-07-03 16:04:44,599 - minio_datalake_app - INFO - Upload de 'data/Comfaulda/Combined Faults/Vertical_misalignment/Ver. Misalignment_0.51_mm+Hor. Misalignment_1_mm/12.81.csv' como 'Comfaulda/Combined Faults/Vertical_misalignment/Ver. Misalignment_0.51_mm+Hor. Misalignment_1_mm/12.81.csv' realizado com sucesso.
2025-07-03 16:04:44,599 - minio_datalake_app - INFO - Iniciando upload de 'data/Comfaulda/Combined Faults/Vertical_misalignment/Ver. Misalignment_0.51_mm+Hor. Misalignment_1_mm/13.72.csv' para 'datalake/Comfaulda/Combined Faults/Vertical_misalignment/Ver. Misalignment_0.51_mm+Hor. Misalignment_1_mm/13.72.csv'
2025-07-03 16:04:44,833 - minio_datalake_app - INFO - Upload de 'data/Comfaulda/Combined Faults/Vertical_misalignment/Ver. Misalignment_0.51_mm+Hor. Misalignment_1_mm/13.72.csv' como 'Comfaulda/Combined Faults/Vertical_misalignment/Ver. Misalignment_0.51_mm+Hor. Misalignment_1_mm/13.72.csv' realizado com sucesso.
2025-07-03 16:04:44,833 - minio_datalake_app - INFO - Upload do diretório 'data/Comfaulda' para 'datalake/Comfaulda' concluído com sucesso. (91 arquivos upados).
2025-07-03 16:04:44,833 - minio_datalake_app - INFO - Diretório 'data/Comfaulda' enviado para o bucket 'datalake' com sucesso.
2025-07-03 16:04:44,833 - minio_datalake_app - INFO - Script de upload de diretório finalizado.
