2025-07-03 16:06:33,339 - minio_datalake_app - INFO - Iniciando script para listar conteúdo do bucket.
2025-07-03 16:06:33,340 - minio_datalake_app - INFO - MinioClient inicializado com endpoint: 127.0.0.1:9000
2025-07-03 16:06:33,362 - minio_datalake_app - INFO - Listando conteúdo do bucket 'datalake' com prefixo 'Comfaulda/'.
2025-07-03 16:06:33,367 - minio_datalake_app - INFO - Pastas encontradas em 'datalake': ['Combined Faults', 'Normal_Condition', 'Single Faults']
2025-07-03 16:06:33,367 - minio_datalake_app - INFO - Arquivos encontrados em 'datalake': ['.DS_Store']
2025-07-03 16:06:33,367 - minio_datalake_app - INFO - Script para listar conteúdo do bucket finalizado.
2025-07-03 16:06:58,098 - minio_datalake_app - INFO - Iniciando script para listar conteúdo do bucket.
2025-07-03 16:06:58,099 - minio_datalake_app - INFO - MinioClient inicializado com endpoint: 127.0.0.1:9000
2025-07-03 16:06:58,117 - minio_datalake_app - INFO - Listando conteúdo do bucket 'datalake' com prefixo 'Comfaulda/Normal_Condition'.
2025-07-03 16:06:58,120 - minio_datalake_app - INFO - Pastas encontradas em 'datalake': ['']
2025-07-03 16:06:58,120 - minio_datalake_app - INFO - Script para listar conteúdo do bucket finalizado.
2025-07-03 16:08:41,229 - minio_datalake_app - INFO - Iniciando script para listar conteúdo do bucket.
2025-07-03 16:08:41,230 - minio_datalake_app - INFO - MinioClient inicializado com endpoint: 127.0.0.1:9000
2025-07-03 16:08:41,255 - minio_datalake_app - INFO - Listando conteúdo do bucket 'datalake' com prefixo 'Comfaulda/Normal_Condition'.
2025-07-03 16:08:41,258 - minio_datalake_app - INFO - Pastas encontradas em 'datalake': ['']
2025-07-03 16:08:41,258 - minio_datalake_app - INFO - Script para listar conteúdo do bucket finalizado.
2025-07-03 16:10:15,057 - minio_datalake_app - INFO - Iniciando script para listar conteúdo do bucket.
2025-07-03 16:10:15,058 - minio_datalake_app - INFO - MinioClient inicializado com endpoint: 127.0.0.1:9000
2025-07-03 16:10:15,077 - minio_datalake_app - INFO - Listando conteúdo do bucket 'datalake' com prefixo 'Comfaulda/'.
2025-07-03 16:10:15,088 - minio_datalake_app - INFO - Pastas encontradas em 'datalake': ['Combined Faults', 'Normal_Condition', 'Single Faults']
2025-07-03 16:10:15,088 - minio_datalake_app - INFO - Arquivos encontrados em 'datalake': ['.DS_Store']
2025-07-03 16:10:15,088 - minio_datalake_app - INFO - Script para listar conteúdo do bucket finalizado.
